\BOOKMARK [0][-]{chapter.1}{\376\377\0001\000\040\000C\000l\000a\000s\000s\000\040\000I\000n\000d\000e\000x}{}% 1
\BOOKMARK [1][-]{section.1.1}{\376\377\0001\000.\0001\000\040\000C\000l\000a\000s\000s\000\040\000L\000i\000s\000t}{chapter.1}% 2
\BOOKMARK [0][-]{chapter.2}{\376\377\0002\000\040\000F\000i\000l\000e\000\040\000I\000n\000d\000e\000x}{}% 3
\BOOKMARK [1][-]{section.2.1}{\376\377\0002\000.\0001\000\040\000F\000i\000l\000e\000\040\000L\000i\000s\000t}{chapter.2}% 4
\BOOKMARK [0][-]{chapter.3}{\376\377\0003\000\040\000C\000l\000a\000s\000s\000\040\000D\000o\000c\000u\000m\000e\000n\000t\000a\000t\000i\000o\000n}{}% 5
\BOOKMARK [1][-]{section.3.1}{\376\377\0003\000.\0001\000\040\000A\000I\000S\000t\000a\000t\000s\000\040\000S\000t\000r\000u\000c\000t\000\040\000R\000e\000f\000e\000r\000e\000n\000c\000e}{chapter.3}% 6
\BOOKMARK [2][-]{subsection.3.1.1}{\376\377\0003\000.\0001\000.\0001\000\040\000D\000e\000t\000a\000i\000l\000e\000d\000\040\000D\000e\000s\000c\000r\000i\000p\000t\000i\000o\000n}{section.3.1}% 7
\BOOKMARK [2][-]{subsection.3.1.2}{\376\377\0003\000.\0001\000.\0002\000\040\000M\000e\000m\000b\000e\000r\000\040\000D\000a\000t\000a\000\040\000D\000o\000c\000u\000m\000e\000n\000t\000a\000t\000i\000o\000n}{section.3.1}% 8
\BOOKMARK [3][-]{subsubsection.3.1.2.1}{\376\377\0003\000.\0001\000.\0002\000.\0001\000\040\000c\000a\000c\000h\000e\000\137\000h\000i\000t\000s}{subsection.3.1.2}% 9
\BOOKMARK [3][-]{subsubsection.3.1.2.2}{\376\377\0003\000.\0001\000.\0002\000.\0002\000\040\000n\000o\000d\000e\000s\000\137\000s\000e\000a\000r\000c\000h\000e\000d}{subsection.3.1.2}% 10
\BOOKMARK [3][-]{subsubsection.3.1.2.3}{\376\377\0003\000.\0001\000.\0002\000.\0003\000\040\000p\000r\000u\000n\000e\000d}{subsection.3.1.2}% 11
\BOOKMARK [3][-]{subsubsection.3.1.2.4}{\376\377\0003\000.\0001\000.\0002\000.\0004\000\040\000t\000i\000m\000e\000\137\000t\000a\000k\000e\000n}{subsection.3.1.2}% 12
\BOOKMARK [1][-]{section.3.2}{\376\377\0003\000.\0002\000\040\000D\000i\000r\000e\000c\000t\000i\000o\000n\000\040\000S\000t\000r\000u\000c\000t\000\040\000R\000e\000f\000e\000r\000e\000n\000c\000e}{chapter.3}% 13
\BOOKMARK [2][-]{subsection.3.2.1}{\376\377\0003\000.\0002\000.\0001\000\040\000D\000e\000t\000a\000i\000l\000e\000d\000\040\000D\000e\000s\000c\000r\000i\000p\000t\000i\000o\000n}{section.3.2}% 14
\BOOKMARK [2][-]{subsection.3.2.2}{\376\377\0003\000.\0002\000.\0002\000\040\000M\000e\000m\000b\000e\000r\000\040\000D\000a\000t\000a\000\040\000D\000o\000c\000u\000m\000e\000n\000t\000a\000t\000i\000o\000n}{section.3.2}% 15
\BOOKMARK [3][-]{subsubsection.3.2.2.1}{\376\377\0003\000.\0002\000.\0002\000.\0001\000\040\000d\000x}{subsection.3.2.2}% 16
\BOOKMARK [3][-]{subsubsection.3.2.2.2}{\376\377\0003\000.\0002\000.\0002\000.\0002\000\040\000d\000y}{subsection.3.2.2}% 17
\BOOKMARK [1][-]{section.3.3}{\376\377\0003\000.\0003\000\040\000G\000o\000m\000o\000k\000u\000G\000a\000m\000e\000\040\000S\000t\000r\000u\000c\000t\000\040\000R\000e\000f\000e\000r\000e\000n\000c\000e}{chapter.3}% 18
\BOOKMARK [2][-]{subsection.3.3.1}{\376\377\0003\000.\0003\000.\0001\000\040\000D\000e\000t\000a\000i\000l\000e\000d\000\040\000D\000e\000s\000c\000r\000i\000p\000t\000i\000o\000n}{section.3.3}% 19
\BOOKMARK [2][-]{subsection.3.3.2}{\376\377\0003\000.\0003\000.\0002\000\040\000M\000e\000m\000b\000e\000r\000\040\000D\000a\000t\000a\000\040\000D\000o\000c\000u\000m\000e\000n\000t\000a\000t\000i\000o\000n}{section.3.3}% 20
\BOOKMARK [3][-]{subsubsection.3.3.2.1}{\376\377\0003\000.\0003\000.\0002\000.\0001\000\040\000b\000o\000a\000r\000d}{subsection.3.3.2}% 21
\BOOKMARK [3][-]{subsubsection.3.3.2.2}{\376\377\0003\000.\0003\000.\0002\000.\0002\000\040\000c\000u\000r\000r\000e\000n\000t\000\137\000p\000l\000a\000y\000e\000r}{subsection.3.3.2}% 22
\BOOKMARK [3][-]{subsubsection.3.3.2.3}{\376\377\0003\000.\0003\000.\0002\000.\0003\000\040\000m\000o\000d\000e\000\137\000a\000i}{subsection.3.3.2}% 23
\BOOKMARK [3][-]{subsubsection.3.3.2.4}{\376\377\0003\000.\0003\000.\0002\000.\0004\000\040\000r\000u\000l\000e\000\137\000c\000a\000p\000t\000u\000r\000e\000s}{subsection.3.3.2}% 24
\BOOKMARK [3][-]{subsubsection.3.3.2.5}{\376\377\0003\000.\0003\000.\0002\000.\0005\000\040\000r\000u\000l\000e\000\137\000c\000e\000n\000t\000e\000r\000\137\000o\000p\000e\000n\000i\000n\000g}{subsection.3.3.2}% 25
\BOOKMARK [3][-]{subsubsection.3.3.2.6}{\376\377\0003\000.\0003\000.\0002\000.\0006\000\040\000r\000u\000l\000e\000\137\000n\000o\000\137\000d\000o\000u\000b\000l\000e\000\137\000t\000h\000r\000e\000e\000s}{subsection.3.3.2}% 26
\BOOKMARK [3][-]{subsubsection.3.3.2.7}{\376\377\0003\000.\0003\000.\0002\000.\0007\000\040\000t\000a\000k\000e\000n\000\137\000s\000t\000o\000n\000e\000s}{subsection.3.3.2}% 27
\BOOKMARK [1][-]{section.3.4}{\376\377\0003\000.\0004\000\040\000M\000o\000v\000e\000\040\000S\000t\000r\000u\000c\000t\000\040\000R\000e\000f\000e\000r\000e\000n\000c\000e}{chapter.3}% 28
\BOOKMARK [2][-]{subsection.3.4.1}{\376\377\0003\000.\0004\000.\0001\000\040\000D\000e\000t\000a\000i\000l\000e\000d\000\040\000D\000e\000s\000c\000r\000i\000p\000t\000i\000o\000n}{section.3.4}% 29
\BOOKMARK [2][-]{subsection.3.4.2}{\376\377\0003\000.\0004\000.\0002\000\040\000M\000e\000m\000b\000e\000r\000\040\000D\000a\000t\000a\000\040\000D\000o\000c\000u\000m\000e\000n\000t\000a\000t\000i\000o\000n}{section.3.4}% 30
\BOOKMARK [3][-]{subsubsection.3.4.2.1}{\376\377\0003\000.\0004\000.\0002\000.\0001\000\040\000c\000o\000l}{subsection.3.4.2}% 31
\BOOKMARK [3][-]{subsubsection.3.4.2.2}{\376\377\0003\000.\0004\000.\0002\000.\0002\000\040\000r\000o\000w}{subsection.3.4.2}% 32
\BOOKMARK [3][-]{subsubsection.3.4.2.3}{\376\377\0003\000.\0004\000.\0002\000.\0003\000\040\000s\000c\000o\000r\000e}{subsection.3.4.2}% 33
\BOOKMARK [1][-]{section.3.5}{\376\377\0003\000.\0005\000\040\000T\000T\000E\000n\000t\000r\000y\000\040\000S\000t\000r\000u\000c\000t\000\040\000R\000e\000f\000e\000r\000e\000n\000c\000e}{chapter.3}% 34
\BOOKMARK [2][-]{subsection.3.5.1}{\376\377\0003\000.\0005\000.\0001\000\040\000D\000e\000t\000a\000i\000l\000e\000d\000\040\000D\000e\000s\000c\000r\000i\000p\000t\000i\000o\000n}{section.3.5}% 35
\BOOKMARK [2][-]{subsection.3.5.2}{\376\377\0003\000.\0005\000.\0002\000\040\000M\000e\000m\000b\000e\000r\000\040\000D\000a\000t\000a\000\040\000D\000o\000c\000u\000m\000e\000n\000t\000a\000t\000i\000o\000n}{section.3.5}% 36
\BOOKMARK [3][-]{subsubsection.3.5.2.1}{\376\377\0003\000.\0005\000.\0002\000.\0001\000\040\000d\000e\000p\000t\000h}{subsection.3.5.2}% 37
\BOOKMARK [3][-]{subsubsection.3.5.2.2}{\376\377\0003\000.\0005\000.\0002\000.\0002\000\040\000k\000e\000y}{subsection.3.5.2}% 38
\BOOKMARK [3][-]{subsubsection.3.5.2.3}{\376\377\0003\000.\0005\000.\0002\000.\0003\000\040\000m\000o\000v\000e}{subsection.3.5.2}% 39
\BOOKMARK [3][-]{subsubsection.3.5.2.4}{\376\377\0003\000.\0005\000.\0002\000.\0004\000\040\000s\000c\000o\000r\000e}{subsection.3.5.2}% 40
\BOOKMARK [1][-]{section.3.6}{\376\377\0003\000.\0006\000\040\000V\000i\000s\000u\000a\000l\000M\000a\000r\000k\000e\000r\000\040\000S\000t\000r\000u\000c\000t\000\040\000R\000e\000f\000e\000r\000e\000n\000c\000e}{chapter.3}% 41
\BOOKMARK [2][-]{subsection.3.6.1}{\376\377\0003\000.\0006\000.\0001\000\040\000D\000e\000t\000a\000i\000l\000e\000d\000\040\000D\000e\000s\000c\000r\000i\000p\000t\000i\000o\000n}{section.3.6}% 42
\BOOKMARK [2][-]{subsection.3.6.2}{\376\377\0003\000.\0006\000.\0002\000\040\000M\000e\000m\000b\000e\000r\000\040\000D\000a\000t\000a\000\040\000D\000o\000c\000u\000m\000e\000n\000t\000a\000t\000i\000o\000n}{section.3.6}% 43
\BOOKMARK [3][-]{subsubsection.3.6.2.1}{\376\377\0003\000.\0006\000.\0002\000.\0001\000\040\000c\000o\000l}{subsection.3.6.2}% 44
\BOOKMARK [3][-]{subsubsection.3.6.2.2}{\376\377\0003\000.\0006\000.\0002\000.\0002\000\040\000c\000o\000l\000o\000r}{subsection.3.6.2}% 45
\BOOKMARK [3][-]{subsubsection.3.6.2.3}{\376\377\0003\000.\0006\000.\0002\000.\0003\000\040\000r\000o\000w}{subsection.3.6.2}% 46
\BOOKMARK [0][-]{chapter.4}{\376\377\0004\000\040\000F\000i\000l\000e\000\040\000D\000o\000c\000u\000m\000e\000n\000t\000a\000t\000i\000o\000n}{}% 47
\BOOKMARK [1][-]{section.4.1}{\376\377\0004\000.\0001\000\040\000i\000n\000c\000l\000u\000d\000e\000s\000/\000a\000i\000.\000h\000\040\000F\000i\000l\000e\000\040\000R\000e\000f\000e\000r\000e\000n\000c\000e}{chapter.4}% 48
\BOOKMARK [2][-]{subsection.4.1.1}{\376\377\0004\000.\0001\000.\0001\000\040\000F\000u\000n\000c\000t\000i\000o\000n\000\040\000D\000o\000c\000u\000m\000e\000n\000t\000a\000t\000i\000o\000n}{section.4.1}% 49
\BOOKMARK [3][-]{subsubsection.4.1.1.1}{\376\377\0004\000.\0001\000.\0001\000.\0001\000\040\000a\000i\000\137\000c\000l\000e\000a\000n\000u\000p\000\050\000\051}{subsection.4.1.1}% 50
\BOOKMARK [3][-]{subsubsection.4.1.1.2}{\376\377\0004\000.\0001\000.\0001\000.\0002\000\040\000a\000i\000\137\000e\000v\000a\000l\000u\000a\000t\000e\000\137\000p\000o\000s\000i\000t\000i\000o\000n\000\050\000\051}{subsection.4.1.1}% 51
\BOOKMARK [3][-]{subsubsection.4.1.1.3}{\376\377\0004\000.\0001\000.\0001\000.\0003\000\040\000a\000i\000\137\000e\000v\000a\000l\000u\000a\000t\000e\000\137\000p\000o\000s\000i\000t\000i\000o\000n\000\137\000f\000o\000r\000\137\000p\000l\000a\000y\000e\000r\000\050\000\051}{subsection.4.1.1}% 52
\BOOKMARK [3][-]{subsubsection.4.1.1.4}{\376\377\0004\000.\0001\000.\0001\000.\0004\000\040\000a\000i\000\137\000g\000e\000n\000e\000r\000a\000t\000e\000\137\000m\000o\000v\000e\000s\000\050\000\051}{subsection.4.1.1}% 53
\BOOKMARK [3][-]{subsubsection.4.1.1.5}{\376\377\0004\000.\0001\000.\0001\000.\0005\000\040\000a\000i\000\137\000g\000e\000t\000\137\000b\000e\000s\000t\000\137\000m\000o\000v\000e\000\050\000\051}{subsection.4.1.1}% 54
\BOOKMARK [3][-]{subsubsection.4.1.1.6}{\376\377\0004\000.\0001\000.\0001\000.\0006\000\040\000a\000i\000\137\000g\000e\000t\000\137\000l\000a\000s\000t\000\137\000s\000t\000a\000t\000s\000\050\000\051}{subsection.4.1.1}% 55
\BOOKMARK [3][-]{subsubsection.4.1.1.7}{\376\377\0004\000.\0001\000.\0001\000.\0007\000\040\000a\000i\000\137\000i\000n\000i\000t\000\050\000\051}{subsection.4.1.1}% 56
\BOOKMARK [1][-]{section.4.2}{\376\377\0004\000.\0002\000\040\000i\000n\000c\000l\000u\000d\000e\000s\000/\000g\000a\000m\000e\000.\000h\000\040\000F\000i\000l\000e\000\040\000R\000e\000f\000e\000r\000e\000n\000c\000e}{chapter.4}% 57
\BOOKMARK [2][-]{subsection.4.2.1}{\376\377\0004\000.\0002\000.\0001\000\040\000F\000u\000n\000c\000t\000i\000o\000n\000\040\000D\000o\000c\000u\000m\000e\000n\000t\000a\000t\000i\000o\000n}{section.4.2}% 58
\BOOKMARK [3][-]{subsubsection.4.2.1.1}{\376\377\0004\000.\0002\000.\0001\000.\0001\000\040\000g\000a\000m\000e\000\137\000c\000a\000p\000t\000u\000r\000e\000\137\000s\000t\000o\000n\000e\000s\000\050\000\051}{subsection.4.2.1}% 59
\BOOKMARK [3][-]{subsubsection.4.2.1.2}{\376\377\0004\000.\0002\000.\0001\000.\0002\000\040\000g\000a\000m\000e\000\137\000c\000h\000e\000c\000k\000\137\000w\000i\000n\000n\000e\000r\000\050\000\051}{subsection.4.2.1}% 60
\BOOKMARK [3][-]{subsubsection.4.2.1.3}{\376\377\0004\000.\0002\000.\0001\000.\0003\000\040\000g\000a\000m\000e\000\137\000c\000o\000p\000y\000\050\000\051}{subsection.4.2.1}% 61
\BOOKMARK [3][-]{subsubsection.4.2.1.4}{\376\377\0004\000.\0002\000.\0001\000.\0004\000\040\000g\000a\000m\000e\000\137\000h\000a\000s\000h\000\050\000\051}{subsection.4.2.1}% 62
\BOOKMARK [3][-]{subsubsection.4.2.1.5}{\376\377\0004\000.\0002\000.\0001\000.\0005\000\040\000g\000a\000m\000e\000\137\000i\000n\000i\000t\000\050\000\051}{subsection.4.2.1}% 63
\BOOKMARK [3][-]{subsubsection.4.2.1.6}{\376\377\0004\000.\0002\000.\0001\000.\0006\000\040\000g\000a\000m\000e\000\137\000i\000s\000\137\000d\000o\000u\000b\000l\000e\000\137\000f\000r\000e\000e\000\137\000t\000h\000r\000e\000e\000\050\000\051}{subsection.4.2.1}% 64
\BOOKMARK [3][-]{subsubsection.4.2.1.7}{\376\377\0004\000.\0002\000.\0001\000.\0007\000\040\000g\000a\000m\000e\000\137\000i\000s\000\137\000v\000a\000l\000i\000d\000\137\000p\000o\000s\000i\000t\000i\000o\000n\000\050\000\051}{subsection.4.2.1}% 65
\BOOKMARK [3][-]{subsubsection.4.2.1.8}{\376\377\0004\000.\0002\000.\0001\000.\0008\000\040\000g\000a\000m\000e\000\137\000p\000l\000a\000c\000e\000\137\000s\000t\000o\000n\000e\000\050\000\051}{subsection.4.2.1}% 66
\BOOKMARK [3][-]{subsubsection.4.2.1.9}{\376\377\0004\000.\0002\000.\0001\000.\0009\000\040\000g\000a\000m\000e\000\137\000p\000r\000i\000n\000t\000\137\000b\000o\000a\000r\000d\000\050\000\051}{subsection.4.2.1}% 67
\BOOKMARK [1][-]{section.4.3}{\376\377\0004\000.\0003\000\040\000i\000n\000c\000l\000u\000d\000e\000s\000/\000g\000r\000a\000p\000h\000i\000c\000s\000.\000h\000\040\000F\000i\000l\000e\000\040\000R\000e\000f\000e\000r\000e\000n\000c\000e}{chapter.4}% 68
\BOOKMARK [2][-]{subsection.4.3.1}{\376\377\0004\000.\0003\000.\0001\000\040\000F\000u\000n\000c\000t\000i\000o\000n\000\040\000D\000o\000c\000u\000m\000e\000n\000t\000a\000t\000i\000o\000n}{section.4.3}% 69
\BOOKMARK [3][-]{subsubsection.4.3.1.1}{\376\377\0004\000.\0003\000.\0001\000.\0001\000\040\000g\000r\000a\000p\000h\000i\000c\000s\000\137\000a\000d\000d\000\137\000v\000i\000s\000u\000a\000l\000\137\000m\000a\000r\000k\000e\000r\000\050\000\051}{subsection.4.3.1}% 70
\BOOKMARK [3][-]{subsubsection.4.3.1.2}{\376\377\0004\000.\0003\000.\0001\000.\0002\000\040\000g\000r\000a\000p\000h\000i\000c\000s\000\137\000c\000l\000e\000a\000n\000u\000p\000\050\000\051}{subsection.4.3.1}% 71
\BOOKMARK [3][-]{subsubsection.4.3.1.3}{\376\377\0004\000.\0003\000.\0001\000.\0003\000\040\000g\000r\000a\000p\000h\000i\000c\000s\000\137\000c\000l\000e\000a\000r\000\137\000v\000i\000s\000u\000a\000l\000\137\000m\000a\000r\000k\000e\000r\000s\000\050\000\051}{subsection.4.3.1}% 72
\BOOKMARK [3][-]{subsubsection.4.3.1.4}{\376\377\0004\000.\0003\000.\0001\000.\0004\000\040\000g\000r\000a\000p\000h\000i\000c\000s\000\137\000d\000r\000a\000w\000\137\000g\000a\000m\000e\000\050\000\051}{subsection.4.3.1}% 73
\BOOKMARK [3][-]{subsubsection.4.3.1.5}{\376\377\0004\000.\0003\000.\0001\000.\0005\000\040\000g\000r\000a\000p\000h\000i\000c\000s\000\137\000g\000e\000t\000\137\000r\000e\000n\000d\000e\000r\000e\000r\000\050\000\051}{subsection.4.3.1}% 74
\BOOKMARK [3][-]{subsubsection.4.3.1.6}{\376\377\0004\000.\0003\000.\0001\000.\0006\000\040\000g\000r\000a\000p\000h\000i\000c\000s\000\137\000g\000e\000t\000\137\000w\000i\000n\000d\000o\000w\000\050\000\051}{subsection.4.3.1}% 75
\BOOKMARK [3][-]{subsubsection.4.3.1.7}{\376\377\0004\000.\0003\000.\0001\000.\0007\000\040\000g\000r\000a\000p\000h\000i\000c\000s\000\137\000h\000a\000n\000d\000l\000e\000\137\000c\000l\000i\000c\000k\000\050\000\051}{subsection.4.3.1}% 76
\BOOKMARK [3][-]{subsubsection.4.3.1.8}{\376\377\0004\000.\0003\000.\0001\000.\0008\000\040\000g\000r\000a\000p\000h\000i\000c\000s\000\137\000i\000n\000i\000t\000\050\000\051}{subsection.4.3.1}% 77
\BOOKMARK [3][-]{subsubsection.4.3.1.9}{\376\377\0004\000.\0003\000.\0001\000.\0009\000\040\000g\000r\000a\000p\000h\000i\000c\000s\000\137\000r\000e\000m\000o\000v\000e\000\137\000v\000i\000s\000u\000a\000l\000\137\000m\000a\000r\000k\000e\000r\000\050\000\051}{subsection.4.3.1}% 78
\BOOKMARK [3][-]{subsubsection.4.3.1.10}{\376\377\0004\000.\0003\000.\0001\000.\0001\0000\000\040\000g\000r\000a\000p\000h\000i\000c\000s\000\137\000s\000h\000o\000w\000\137\000w\000i\000n\000n\000e\000r\000\050\000\051}{subsection.4.3.1}% 79
\BOOKMARK [2][-]{subsection.4.3.2}{\376\377\0004\000.\0003\000.\0002\000\040\000V\000a\000r\000i\000a\000b\000l\000e\000\040\000D\000o\000c\000u\000m\000e\000n\000t\000a\000t\000i\000o\000n}{section.4.3}% 80
\BOOKMARK [3][-]{subsubsection.4.3.2.1}{\376\377\0004\000.\0003\000.\0002\000.\0001\000\040\000b\000u\000t\000t\000o\000n\000\137\000r\000e\000c\000t\000s}{subsection.4.3.2}% 81
\BOOKMARK [1][-]{section.4.4}{\376\377\0004\000.\0004\000\040\000i\000n\000c\000l\000u\000d\000e\000s\000/\000t\000y\000p\000e\000s\000.\000h\000\040\000F\000i\000l\000e\000\040\000R\000e\000f\000e\000r\000e\000n\000c\000e}{chapter.4}% 82
\BOOKMARK [2][-]{subsection.4.4.1}{\376\377\0004\000.\0004\000.\0001\000\040\000M\000a\000c\000r\000o\000\040\000D\000e\000f\000i\000n\000i\000t\000i\000o\000n\000\040\000D\000o\000c\000u\000m\000e\000n\000t\000a\000t\000i\000o\000n}{section.4.4}% 83
\BOOKMARK [3][-]{subsubsection.4.4.1.1}{\376\377\0004\000.\0004\000.\0001\000.\0001\000\040\000A\000I\000\137\000I\000N\000F\000I\000N\000I\000T\000Y}{subsection.4.4.1}% 84
\BOOKMARK [3][-]{subsubsection.4.4.1.2}{\376\377\0004\000.\0004\000.\0001\000.\0002\000\040\000B\000L\000A\000C\000K}{subsection.4.4.1}% 85
\BOOKMARK [3][-]{subsubsection.4.4.1.3}{\376\377\0004\000.\0004\000.\0001\000.\0003\000\040\000B\000O\000A\000R\000D\000\137\000S\000I\000Z\000E}{subsection.4.4.1}% 86
\BOOKMARK [3][-]{subsubsection.4.4.1.4}{\376\377\0004\000.\0004\000.\0001\000.\0004\000\040\000C\000E\000L\000L\000\137\000S\000I\000Z\000E}{subsection.4.4.1}% 87
\BOOKMARK [3][-]{subsubsection.4.4.1.5}{\376\377\0004\000.\0004\000.\0001\000.\0005\000\040\000E\000M\000P\000T\000Y}{subsection.4.4.1}% 88
\BOOKMARK [3][-]{subsubsection.4.4.1.6}{\376\377\0004\000.\0004\000.\0001\000.\0006\000\040\000M\000\137\000P\000I}{subsection.4.4.1}% 89
\BOOKMARK [3][-]{subsubsection.4.4.1.7}{\376\377\0004\000.\0004\000.\0001\000.\0007\000\040\000M\000A\000X\000\137\000M\000O\000V\000E\000S}{subsection.4.4.1}% 90
\BOOKMARK [3][-]{subsubsection.4.4.1.8}{\376\377\0004\000.\0004\000.\0001\000.\0008\000\040\000M\000A\000X\000\137\000T\000T\000\137\000S\000I\000Z\000E}{subsection.4.4.1}% 91
\BOOKMARK [3][-]{subsubsection.4.4.1.9}{\376\377\0004\000.\0004\000.\0001\000.\0009\000\040\000M\000A\000X\000\137\000V\000I\000S\000U\000A\000L\000\137\000M\000A\000R\000K\000E\000R\000S}{subsection.4.4.1}% 92
\BOOKMARK [3][-]{subsubsection.4.4.1.10}{\376\377\0004\000.\0004\000.\0001\000.\0001\0000\000\040\000P\000A\000T\000T\000E\000R\000N\000\137\000F\000O\000U\000R}{subsection.4.4.1}% 93
\BOOKMARK [3][-]{subsubsection.4.4.1.11}{\376\377\0004\000.\0004\000.\0001\000.\0001\0001\000\040\000P\000A\000T\000T\000E\000R\000N\000\137\000O\000N\000E}{subsection.4.4.1}% 94
\BOOKMARK [3][-]{subsubsection.4.4.1.12}{\376\377\0004\000.\0004\000.\0001\000.\0001\0002\000\040\000P\000A\000T\000T\000E\000R\000N\000\137\000T\000H\000R\000E\000E}{subsection.4.4.1}% 95
\BOOKMARK [3][-]{subsubsection.4.4.1.13}{\376\377\0004\000.\0004\000.\0001\000.\0001\0003\000\040\000P\000A\000T\000T\000E\000R\000N\000\137\000T\000W\000O}{subsection.4.4.1}% 96
\BOOKMARK [3][-]{subsubsection.4.4.1.14}{\376\377\0004\000.\0004\000.\0001\000.\0001\0004\000\040\000P\000A\000T\000T\000E\000R\000N\000\137\000W\000I\000N}{subsection.4.4.1}% 97
\BOOKMARK [3][-]{subsubsection.4.4.1.15}{\376\377\0004\000.\0004\000.\0001\000.\0001\0005\000\040\000W\000H\000I\000T\000E}{subsection.4.4.1}% 98
\BOOKMARK [3][-]{subsubsection.4.4.1.16}{\376\377\0004\000.\0004\000.\0001\000.\0001\0006\000\040\000W\000I\000N\000D\000O\000W\000\137\000H\000E\000I\000G\000H\000T}{subsection.4.4.1}% 99
\BOOKMARK [3][-]{subsubsection.4.4.1.17}{\376\377\0004\000.\0004\000.\0001\000.\0001\0007\000\040\000W\000I\000N\000D\000O\000W\000\137\000W\000I\000D\000T\000H}{subsection.4.4.1}% 100
\BOOKMARK [2][-]{subsection.4.4.2}{\376\377\0004\000.\0004\000.\0002\000\040\000V\000a\000r\000i\000a\000b\000l\000e\000\040\000D\000o\000c\000u\000m\000e\000n\000t\000a\000t\000i\000o\000n}{section.4.4}% 101
\BOOKMARK [3][-]{subsubsection.4.4.2.1}{\376\377\0004\000.\0004\000.\0002\000.\0001\000\040\000C\000O\000L\000O\000R\000\137\000B\000A\000C\000K\000G\000R\000O\000U\000N\000D}{subsection.4.4.2}% 102
\BOOKMARK [3][-]{subsubsection.4.4.2.2}{\376\377\0004\000.\0004\000.\0002\000.\0002\000\040\000C\000O\000L\000O\000R\000\137\000B\000L\000A\000C\000K}{subsection.4.4.2}% 103
\BOOKMARK [3][-]{subsubsection.4.4.2.3}{\376\377\0004\000.\0004\000.\0002\000.\0003\000\040\000C\000O\000L\000O\000R\000\137\000B\000L\000U\000E}{subsection.4.4.2}% 104
\BOOKMARK [3][-]{subsubsection.4.4.2.4}{\376\377\0004\000.\0004\000.\0002\000.\0004\000\040\000C\000O\000L\000O\000R\000\137\000R\000E\000D}{subsection.4.4.2}% 105
\BOOKMARK [3][-]{subsubsection.4.4.2.5}{\376\377\0004\000.\0004\000.\0002\000.\0005\000\040\000C\000O\000L\000O\000R\000\137\000W\000H\000I\000T\000E}{subsection.4.4.2}% 106
\BOOKMARK [1][-]{section.4.5}{\376\377\0004\000.\0005\000\040\000s\000r\000c\000/\000a\000i\000.\000c\000\040\000F\000i\000l\000e\000\040\000R\000e\000f\000e\000r\000e\000n\000c\000e}{chapter.4}% 107
\BOOKMARK [2][-]{subsection.4.5.1}{\376\377\0004\000.\0005\000.\0001\000\040\000F\000u\000n\000c\000t\000i\000o\000n\000\040\000D\000o\000c\000u\000m\000e\000n\000t\000a\000t\000i\000o\000n}{section.4.5}% 108
\BOOKMARK [3][-]{subsubsection.4.5.1.1}{\376\377\0004\000.\0005\000.\0001\000.\0001\000\040\000a\000i\000\137\000c\000l\000e\000a\000n\000u\000p\000\050\000\051}{subsection.4.5.1}% 109
\BOOKMARK [3][-]{subsubsection.4.5.1.2}{\376\377\0004\000.\0005\000.\0001\000.\0002\000\040\000a\000i\000\137\000e\000v\000a\000l\000u\000a\000t\000e\000\137\000p\000o\000s\000i\000t\000i\000o\000n\000\050\000\051}{subsection.4.5.1}% 110
\BOOKMARK [3][-]{subsubsection.4.5.1.3}{\376\377\0004\000.\0005\000.\0001\000.\0003\000\040\000a\000i\000\137\000e\000v\000a\000l\000u\000a\000t\000e\000\137\000p\000o\000s\000i\000t\000i\000o\000n\000\137\000f\000o\000r\000\137\000p\000l\000a\000y\000e\000r\000\050\000\051}{subsection.4.5.1}% 111
\BOOKMARK [3][-]{subsubsection.4.5.1.4}{\376\377\0004\000.\0005\000.\0001\000.\0004\000\040\000a\000i\000\137\000g\000e\000n\000e\000r\000a\000t\000e\000\137\000m\000o\000v\000e\000s\000\050\000\051}{subsection.4.5.1}% 112
\BOOKMARK [3][-]{subsubsection.4.5.1.5}{\376\377\0004\000.\0005\000.\0001\000.\0005\000\040\000a\000i\000\137\000g\000e\000t\000\137\000b\000e\000s\000t\000\137\000m\000o\000v\000e\000\050\000\051}{subsection.4.5.1}% 113
\BOOKMARK [3][-]{subsubsection.4.5.1.6}{\376\377\0004\000.\0005\000.\0001\000.\0006\000\040\000a\000i\000\137\000g\000e\000t\000\137\000l\000a\000s\000t\000\137\000s\000t\000a\000t\000s\000\050\000\051}{subsection.4.5.1}% 114
\BOOKMARK [3][-]{subsubsection.4.5.1.7}{\376\377\0004\000.\0005\000.\0001\000.\0007\000\040\000a\000i\000\137\000i\000n\000i\000t\000\050\000\051}{subsection.4.5.1}% 115
\BOOKMARK [3][-]{subsubsection.4.5.1.8}{\376\377\0004\000.\0005\000.\0001\000.\0008\000\040\000c\000o\000u\000n\000t\000\137\000c\000o\000n\000s\000e\000c\000u\000t\000i\000v\000e\000\137\000o\000p\000t\000i\000m\000i\000z\000e\000d\000\050\000\051}{subsection.4.5.1}% 116
\BOOKMARK [3][-]{subsubsection.4.5.1.9}{\376\377\0004\000.\0005\000.\0001\000.\0009\000\040\000e\000v\000a\000l\000u\000a\000t\000e\000\137\000l\000i\000n\000e\000\137\000o\000p\000t\000i\000m\000i\000z\000e\000d\000\050\000\051}{subsection.4.5.1}% 117
\BOOKMARK [3][-]{subsubsection.4.5.1.10}{\376\377\0004\000.\0005\000.\0001\000.\0001\0000\000\040\000f\000i\000n\000d\000\137\000b\000l\000o\000c\000k\000i\000n\000g\000\137\000m\000o\000v\000e\000s\000\137\000s\000m\000a\000r\000t\000\050\000\051}{subsection.4.5.1}% 118
\BOOKMARK [3][-]{subsubsection.4.5.1.11}{\376\377\0004\000.\0005\000.\0001\000.\0001\0001\000\040\000f\000i\000n\000d\000\137\000n\000e\000i\000g\000h\000b\000o\000r\000\137\000p\000o\000s\000i\000t\000i\000o\000n\000s\000\137\000s\000m\000a\000r\000t\000\050\000\051}{subsection.4.5.1}% 119
\BOOKMARK [3][-]{subsubsection.4.5.1.12}{\376\377\0004\000.\0005\000.\0001\000.\0001\0002\000\040\000f\000i\000n\000d\000\137\000w\000i\000n\000n\000i\000n\000g\000\137\000m\000o\000v\000e\000s\000\137\000s\000m\000a\000r\000t\000\050\000\051}{subsection.4.5.1}% 120
\BOOKMARK [3][-]{subsubsection.4.5.1.13}{\376\377\0004\000.\0005\000.\0001\000.\0001\0003\000\040\000g\000a\000m\000e\000\137\000h\000a\000s\000h\000\137\000o\000p\000t\000i\000m\000i\000z\000e\000d\000\050\000\051}{subsection.4.5.1}% 121
\BOOKMARK [3][-]{subsubsection.4.5.1.14}{\376\377\0004\000.\0005\000.\0001\000.\0001\0004\000\040\000i\000s\000\137\000i\000m\000m\000e\000d\000i\000a\000t\000e\000\137\000t\000h\000r\000e\000a\000t\000\050\000\051}{subsection.4.5.1}% 122
\BOOKMARK [3][-]{subsubsection.4.5.1.15}{\376\377\0004\000.\0005\000.\0001\000.\0001\0005\000\040\000i\000s\000\137\000w\000i\000n\000n\000i\000n\000g\000\137\000m\000o\000v\000e\000\137\000f\000a\000s\000t\000\050\000\051}{subsection.4.5.1}% 123
\BOOKMARK [3][-]{subsubsection.4.5.1.16}{\376\377\0004\000.\0005\000.\0001\000.\0001\0006\000\040\000m\000i\000n\000i\000m\000a\000x\000\137\000b\000a\000l\000a\000n\000c\000e\000d\000\050\000\051}{subsection.4.5.1}% 124
\BOOKMARK [2][-]{subsection.4.5.2}{\376\377\0004\000.\0005\000.\0002\000\040\000V\000a\000r\000i\000a\000b\000l\000e\000\040\000D\000o\000c\000u\000m\000e\000n\000t\000a\000t\000i\000o\000n}{section.4.5}% 125
\BOOKMARK [3][-]{subsubsection.4.5.2.1}{\376\377\0004\000.\0005\000.\0002\000.\0001\000\040\000d\000i\000r\000e\000c\000t\000i\000o\000n\000s}{subsection.4.5.2}% 126
\BOOKMARK [3][-]{subsubsection.4.5.2.2}{\376\377\0004\000.\0005\000.\0002\000.\0002\000\040\000l\000a\000s\000t\000\137\000s\000t\000a\000t\000s}{subsection.4.5.2}% 127
\BOOKMARK [3][-]{subsubsection.4.5.2.3}{\376\377\0004\000.\0005\000.\0002\000.\0003\000\040\000t\000r\000a\000n\000s\000p\000o\000s\000i\000t\000i\000o\000n\000\137\000t\000a\000b\000l\000e}{subsection.4.5.2}% 128
\BOOKMARK [1][-]{section.4.6}{\376\377\0004\000.\0006\000\040\000s\000r\000c\000/\000g\000a\000m\000e\000.\000c\000\040\000F\000i\000l\000e\000\040\000R\000e\000f\000e\000r\000e\000n\000c\000e}{chapter.4}% 129
\BOOKMARK [2][-]{subsection.4.6.1}{\376\377\0004\000.\0006\000.\0001\000\040\000F\000u\000n\000c\000t\000i\000o\000n\000\040\000D\000o\000c\000u\000m\000e\000n\000t\000a\000t\000i\000o\000n}{section.4.6}% 130
\BOOKMARK [3][-]{subsubsection.4.6.1.1}{\376\377\0004\000.\0006\000.\0001\000.\0001\000\040\000g\000a\000m\000e\000\137\000c\000a\000p\000t\000u\000r\000e\000\137\000s\000t\000o\000n\000e\000s\000\050\000\051}{subsection.4.6.1}% 131
\BOOKMARK [3][-]{subsubsection.4.6.1.2}{\376\377\0004\000.\0006\000.\0001\000.\0002\000\040\000g\000a\000m\000e\000\137\000c\000h\000e\000c\000k\000\137\000w\000i\000n\000n\000e\000r\000\050\000\051}{subsection.4.6.1}% 132
\BOOKMARK [3][-]{subsubsection.4.6.1.3}{\376\377\0004\000.\0006\000.\0001\000.\0003\000\040\000g\000a\000m\000e\000\137\000c\000o\000p\000y\000\050\000\051}{subsection.4.6.1}% 133
\BOOKMARK [3][-]{subsubsection.4.6.1.4}{\376\377\0004\000.\0006\000.\0001\000.\0004\000\040\000g\000a\000m\000e\000\137\000h\000a\000s\000h\000\050\000\051}{subsection.4.6.1}% 134
\BOOKMARK [3][-]{subsubsection.4.6.1.5}{\376\377\0004\000.\0006\000.\0001\000.\0005\000\040\000g\000a\000m\000e\000\137\000i\000n\000i\000t\000\050\000\051}{subsection.4.6.1}% 135
\BOOKMARK [3][-]{subsubsection.4.6.1.6}{\376\377\0004\000.\0006\000.\0001\000.\0006\000\040\000g\000a\000m\000e\000\137\000i\000s\000\137\000d\000o\000u\000b\000l\000e\000\137\000f\000r\000e\000e\000\137\000t\000h\000r\000e\000e\000\050\000\051}{subsection.4.6.1}% 136
\BOOKMARK [3][-]{subsubsection.4.6.1.7}{\376\377\0004\000.\0006\000.\0001\000.\0007\000\040\000g\000a\000m\000e\000\137\000i\000s\000\137\000v\000a\000l\000i\000d\000\137\000p\000o\000s\000i\000t\000i\000o\000n\000\050\000\051}{subsection.4.6.1}% 137
\BOOKMARK [3][-]{subsubsection.4.6.1.8}{\376\377\0004\000.\0006\000.\0001\000.\0008\000\040\000g\000a\000m\000e\000\137\000p\000l\000a\000c\000e\000\137\000s\000t\000o\000n\000e\000\050\000\051}{subsection.4.6.1}% 138
\BOOKMARK [3][-]{subsubsection.4.6.1.9}{\376\377\0004\000.\0006\000.\0001\000.\0009\000\040\000g\000a\000m\000e\000\137\000p\000r\000i\000n\000t\000\137\000b\000o\000a\000r\000d\000\050\000\051}{subsection.4.6.1}% 139
\BOOKMARK [2][-]{subsection.4.6.2}{\376\377\0004\000.\0006\000.\0002\000\040\000V\000a\000r\000i\000a\000b\000l\000e\000\040\000D\000o\000c\000u\000m\000e\000n\000t\000a\000t\000i\000o\000n}{section.4.6}% 140
\BOOKMARK [3][-]{subsubsection.4.6.2.1}{\376\377\0004\000.\0006\000.\0002\000.\0001\000\040\000d\000i\000r\000e\000c\000t\000i\000o\000n\000s}{subsection.4.6.2}% 141
\BOOKMARK [1][-]{section.4.7}{\376\377\0004\000.\0007\000\040\000s\000r\000c\000/\000g\000r\000a\000p\000h\000i\000c\000s\000.\000c\000\040\000F\000i\000l\000e\000\040\000R\000e\000f\000e\000r\000e\000n\000c\000e}{chapter.4}% 142
\BOOKMARK [2][-]{subsection.4.7.1}{\376\377\0004\000.\0007\000.\0001\000\040\000M\000a\000c\000r\000o\000\040\000D\000e\000f\000i\000n\000i\000t\000i\000o\000n\000\040\000D\000o\000c\000u\000m\000e\000n\000t\000a\000t\000i\000o\000n}{section.4.7}% 143
\BOOKMARK [3][-]{subsubsection.4.7.1.1}{\376\377\0004\000.\0007\000.\0001\000.\0001\000\040\000B\000U\000T\000T\000O\000N\000\137\000H\000E\000I\000G\000H\000T}{subsection.4.7.1}% 144
\BOOKMARK [3][-]{subsubsection.4.7.1.2}{\376\377\0004\000.\0007\000.\0001\000.\0002\000\040\000B\000U\000T\000T\000O\000N\000\137\000M\000A\000R\000G\000I\000N}{subsection.4.7.1}% 145
\BOOKMARK [3][-]{subsubsection.4.7.1.3}{\376\377\0004\000.\0007\000.\0001\000.\0003\000\040\000B\000U\000T\000T\000O\000N\000\137\000W\000I\000D\000T\000H}{subsection.4.7.1}% 146
\BOOKMARK [2][-]{subsection.4.7.2}{\376\377\0004\000.\0007\000.\0002\000\040\000F\000u\000n\000c\000t\000i\000o\000n\000\040\000D\000o\000c\000u\000m\000e\000n\000t\000a\000t\000i\000o\000n}{section.4.7}% 147
\BOOKMARK [3][-]{subsubsection.4.7.2.1}{\376\377\0004\000.\0007\000.\0002\000.\0001\000\040\000d\000r\000a\000w\000\137\000b\000o\000a\000r\000d\000\050\000\051}{subsection.4.7.2}% 148
\BOOKMARK [3][-]{subsubsection.4.7.2.2}{\376\377\0004\000.\0007\000.\0002\000.\0002\000\040\000d\000r\000a\000w\000\137\000c\000i\000r\000c\000l\000e\000\137\000f\000i\000l\000l\000e\000d\000\050\000\051}{subsection.4.7.2}% 149
\BOOKMARK [3][-]{subsubsection.4.7.2.3}{\376\377\0004\000.\0007\000.\0002\000.\0003\000\040\000d\000r\000a\000w\000\137\000r\000u\000l\000e\000\137\000b\000u\000t\000t\000o\000n\000s\000\050\000\051}{subsection.4.7.2}% 150
\BOOKMARK [3][-]{subsubsection.4.7.2.4}{\376\377\0004\000.\0007\000.\0002\000.\0004\000\040\000d\000r\000a\000w\000\137\000s\000i\000m\000p\000l\000e\000\137\000n\000u\000m\000b\000e\000r\000\050\000\051}{subsection.4.7.2}% 151
\BOOKMARK [3][-]{subsubsection.4.7.2.5}{\376\377\0004\000.\0007\000.\0002\000.\0005\000\040\000d\000r\000a\000w\000\137\000s\000i\000m\000p\000l\000e\000\137\000t\000e\000x\000t\000\050\000\051}{subsection.4.7.2}% 152
\BOOKMARK [3][-]{subsubsection.4.7.2.6}{\376\377\0004\000.\0007\000.\0002\000.\0006\000\040\000d\000r\000a\000w\000\137\000s\000t\000o\000n\000e\000\050\000\051}{subsection.4.7.2}% 153
\BOOKMARK [3][-]{subsubsection.4.7.2.7}{\376\377\0004\000.\0007\000.\0002\000.\0007\000\040\000d\000r\000a\000w\000\137\000v\000i\000s\000u\000a\000l\000\137\000m\000a\000r\000k\000e\000r\000s\000\050\000\051}{subsection.4.7.2}% 154
\BOOKMARK [3][-]{subsubsection.4.7.2.8}{\376\377\0004\000.\0007\000.\0002\000.\0008\000\040\000g\000r\000a\000p\000h\000i\000c\000s\000\137\000a\000d\000d\000\137\000v\000i\000s\000u\000a\000l\000\137\000m\000a\000r\000k\000e\000r\000\050\000\051}{subsection.4.7.2}% 155
\BOOKMARK [3][-]{subsubsection.4.7.2.9}{\376\377\0004\000.\0007\000.\0002\000.\0009\000\040\000g\000r\000a\000p\000h\000i\000c\000s\000\137\000c\000l\000e\000a\000n\000u\000p\000\050\000\051}{subsection.4.7.2}% 156
\BOOKMARK [3][-]{subsubsection.4.7.2.10}{\376\377\0004\000.\0007\000.\0002\000.\0001\0000\000\040\000g\000r\000a\000p\000h\000i\000c\000s\000\137\000c\000l\000e\000a\000r\000\137\000v\000i\000s\000u\000a\000l\000\137\000m\000a\000r\000k\000e\000r\000s\000\050\000\051}{subsection.4.7.2}% 157
\BOOKMARK [3][-]{subsubsection.4.7.2.11}{\376\377\0004\000.\0007\000.\0002\000.\0001\0001\000\040\000g\000r\000a\000p\000h\000i\000c\000s\000\137\000d\000r\000a\000w\000\137\000g\000a\000m\000e\000\050\000\051}{subsection.4.7.2}% 158
\BOOKMARK [3][-]{subsubsection.4.7.2.12}{\376\377\0004\000.\0007\000.\0002\000.\0001\0002\000\040\000g\000r\000a\000p\000h\000i\000c\000s\000\137\000g\000e\000t\000\137\000r\000e\000n\000d\000e\000r\000e\000r\000\050\000\051}{subsection.4.7.2}% 159
\BOOKMARK [3][-]{subsubsection.4.7.2.13}{\376\377\0004\000.\0007\000.\0002\000.\0001\0003\000\040\000g\000r\000a\000p\000h\000i\000c\000s\000\137\000g\000e\000t\000\137\000w\000i\000n\000d\000o\000w\000\050\000\051}{subsection.4.7.2}% 160
\BOOKMARK [3][-]{subsubsection.4.7.2.14}{\376\377\0004\000.\0007\000.\0002\000.\0001\0004\000\040\000g\000r\000a\000p\000h\000i\000c\000s\000\137\000h\000a\000n\000d\000l\000e\000\137\000c\000l\000i\000c\000k\000\050\000\051}{subsection.4.7.2}% 161
\BOOKMARK [3][-]{subsubsection.4.7.2.15}{\376\377\0004\000.\0007\000.\0002\000.\0001\0005\000\040\000g\000r\000a\000p\000h\000i\000c\000s\000\137\000i\000n\000i\000t\000\050\000\051}{subsection.4.7.2}% 162
\BOOKMARK [3][-]{subsubsection.4.7.2.16}{\376\377\0004\000.\0007\000.\0002\000.\0001\0006\000\040\000g\000r\000a\000p\000h\000i\000c\000s\000\137\000r\000e\000m\000o\000v\000e\000\137\000v\000i\000s\000u\000a\000l\000\137\000m\000a\000r\000k\000e\000r\000\050\000\051}{subsection.4.7.2}% 163
\BOOKMARK [3][-]{subsubsection.4.7.2.17}{\376\377\0004\000.\0007\000.\0002\000.\0001\0007\000\040\000g\000r\000a\000p\000h\000i\000c\000s\000\137\000s\000h\000o\000w\000\137\000w\000i\000n\000n\000e\000r\000\050\000\051}{subsection.4.7.2}% 164
\BOOKMARK [2][-]{subsection.4.7.3}{\376\377\0004\000.\0007\000.\0003\000\040\000V\000a\000r\000i\000a\000b\000l\000e\000\040\000D\000o\000c\000u\000m\000e\000n\000t\000a\000t\000i\000o\000n}{section.4.7}% 165
\BOOKMARK [3][-]{subsubsection.4.7.3.1}{\376\377\0004\000.\0007\000.\0003\000.\0001\000\040\000b\000u\000t\000t\000o\000n\000\137\000r\000e\000c\000t\000s}{subsection.4.7.3}% 166
\BOOKMARK [3][-]{subsubsection.4.7.3.2}{\376\377\0004\000.\0007\000.\0003\000.\0002\000\040\000C\000O\000L\000O\000R\000\137\000B\000A\000C\000K\000G\000R\000O\000U\000N\000D}{subsection.4.7.3}% 167
\BOOKMARK [3][-]{subsubsection.4.7.3.3}{\376\377\0004\000.\0007\000.\0003\000.\0003\000\040\000C\000O\000L\000O\000R\000\137\000B\000L\000A\000C\000K}{subsection.4.7.3}% 168
\BOOKMARK [3][-]{subsubsection.4.7.3.4}{\376\377\0004\000.\0007\000.\0003\000.\0004\000\040\000C\000O\000L\000O\000R\000\137\000B\000L\000U\000E}{subsection.4.7.3}% 169
\BOOKMARK [3][-]{subsubsection.4.7.3.5}{\376\377\0004\000.\0007\000.\0003\000.\0005\000\040\000C\000O\000L\000O\000R\000\137\000R\000E\000D}{subsection.4.7.3}% 170
\BOOKMARK [3][-]{subsubsection.4.7.3.6}{\376\377\0004\000.\0007\000.\0003\000.\0006\000\040\000C\000O\000L\000O\000R\000\137\000W\000H\000I\000T\000E}{subsection.4.7.3}% 171
\BOOKMARK [3][-]{subsubsection.4.7.3.7}{\376\377\0004\000.\0007\000.\0003\000.\0007\000\040\000f\000o\000n\000t}{subsection.4.7.3}% 172
\BOOKMARK [3][-]{subsubsection.4.7.3.8}{\376\377\0004\000.\0007\000.\0003\000.\0008\000\040\000r\000e\000n\000d\000e\000r\000e\000r}{subsection.4.7.3}% 173
\BOOKMARK [3][-]{subsubsection.4.7.3.9}{\376\377\0004\000.\0007\000.\0003\000.\0009\000\040\000v\000i\000s\000u\000a\000l\000\137\000m\000a\000r\000k\000e\000r\000\137\000c\000o\000u\000n\000t}{subsection.4.7.3}% 174
\BOOKMARK [3][-]{subsubsection.4.7.3.10}{\376\377\0004\000.\0007\000.\0003\000.\0001\0000\000\040\000v\000i\000s\000u\000a\000l\000\137\000m\000a\000r\000k\000e\000r\000s}{subsection.4.7.3}% 175
\BOOKMARK [3][-]{subsubsection.4.7.3.11}{\376\377\0004\000.\0007\000.\0003\000.\0001\0001\000\040\000w\000i\000n\000d\000o\000w}{subsection.4.7.3}% 176
\BOOKMARK [1][-]{section.4.8}{\376\377\0004\000.\0008\000\040\000s\000r\000c\000/\000m\000a\000i\000n\000.\000c\000\040\000F\000i\000l\000e\000\040\000R\000e\000f\000e\000r\000e\000n\000c\000e}{chapter.4}% 177
\BOOKMARK [2][-]{subsection.4.8.1}{\376\377\0004\000.\0008\000.\0001\000\040\000M\000a\000c\000r\000o\000\040\000D\000e\000f\000i\000n\000i\000t\000i\000o\000n\000\040\000D\000o\000c\000u\000m\000e\000n\000t\000a\000t\000i\000o\000n}{section.4.8}% 178
\BOOKMARK [3][-]{subsubsection.4.8.1.1}{\376\377\0004\000.\0008\000.\0001\000.\0001\000\040\000A\000I\000\137\000P\000L\000A\000Y\000E\000R}{subsection.4.8.1}% 179
\BOOKMARK [3][-]{subsubsection.4.8.1.2}{\376\377\0004\000.\0008\000.\0001\000.\0002\000\040\000A\000I\000\137\000S\000E\000A\000R\000C\000H\000\137\000D\000E\000P\000T\000H}{subsection.4.8.1}% 180
\BOOKMARK [2][-]{subsection.4.8.2}{\376\377\0004\000.\0008\000.\0002\000\040\000F\000u\000n\000c\000t\000i\000o\000n\000\040\000D\000o\000c\000u\000m\000e\000n\000t\000a\000t\000i\000o\000n}{section.4.8}% 181
\BOOKMARK [3][-]{subsubsection.4.8.2.1}{\376\377\0004\000.\0008\000.\0002\000.\0001\000\040\000g\000e\000t\000\137\000r\000u\000l\000e\000\137\000b\000u\000t\000t\000o\000n\000\137\000c\000l\000i\000c\000k\000e\000d\000\050\000\051}{subsection.4.8.2}% 182
\BOOKMARK [3][-]{subsubsection.4.8.2.2}{\376\377\0004\000.\0008\000.\0002\000.\0002\000\040\000h\000a\000n\000d\000l\000e\000\137\000a\000i\000\137\000m\000o\000v\000e\000\050\000\051}{subsection.4.8.2}% 183
\BOOKMARK [3][-]{subsubsection.4.8.2.3}{\376\377\0004\000.\0008\000.\0002\000.\0003\000\040\000h\000a\000n\000d\000l\000e\000\137\000p\000l\000a\000y\000e\000r\000\137\000m\000o\000v\000e\000\050\000\051}{subsection.4.8.2}% 184
\BOOKMARK [3][-]{subsubsection.4.8.2.4}{\376\377\0004\000.\0008\000.\0002\000.\0004\000\040\000m\000a\000i\000n\000\050\000\051}{subsection.4.8.2}% 185
\BOOKMARK [3][-]{subsubsection.4.8.2.5}{\376\377\0004\000.\0008\000.\0002\000.\0005\000\040\000p\000r\000i\000n\000t\000\137\000g\000a\000m\000e\000\137\000i\000n\000f\000o\000\050\000\051}{subsection.4.8.2}% 186
\BOOKMARK [0][-]{section*.36}{\376\377\000I\000n\000d\000e\000x}{}% 187
